-- Catapult Ultra Synthesis: Report                                              
-- ------------------------- ---------------------------------------------------
-- Version:                  2024.1/1091966 Production Release                   
-- Build Date:               Wed Feb 14 09:07:18 PST 2024                        
                                                                                 
-- Generated by:             ee525201@ws41                                       
-- Generated date:           Fri Apr 12 12:57:17 CST 2024                        

Solution Settings: EdgeDetect_IP::EdgeDetect_Top.v1
  Current state: extract
  Project: Catapult_8

Design Input Files Specified
  $PROJECT_HOME/../hls_c/inc/EdgeDetect.h
    $PROJECT_HOME/../hls_c/inc/EdgeDetect_defs.h
      $MGC_HOME/shared/include/ac_int.h
      $MGC_HOME/shared/include/ac_fixed.h
      $MGC_HOME/shared/include/ac_channel.h
      $MGC_HOME/shared/include/ac_math/ac_sqrt_pwl.h
        $MGC_HOME/shared/include/ac_float.h
        $MGC_HOME/shared/include/ac_complex.h
        $MGC_HOME/shared/include/ac_math/ac_shift.h
        $MGC_HOME/shared/include/ac_math/ac_normalize.h
      $MGC_HOME/shared/include/ac_math/ac_atan2_cordic.h
    $PROJECT_HOME/../hls_c/inc/EdgeDetect_VerDer.h
      $MGC_HOME/shared/include/mc_scverify.h
    $PROJECT_HOME/../hls_c/inc/EdgeDetect_HorDer.h
      $MGC_HOME/shared/include/mc_scverify.h
    $PROJECT_HOME/../hls_c/inc/EdgeDetect_MagAng.h
      $MGC_HOME/shared/include/mc_scverify.h
  $PROJECT_HOME/../hls_c/src/EdgeDetect_tb.cpp
  $PROJECT_HOME/../bmpUtil/src/bmp_io.cpp

Processes/Blocks in Design
  Process Real Operation(s) count Latency Throughput Reset Length II Comments 
  ------- ----------------------- ------- ---------- ------------ -- --------
  
Bill Of Materials (Datapath)
  Component Name                      Area Score Delay Post Alloc Post Assign 
  ----------------------------------- ---------- ----- ---------- -----------
  [Lib: Catapult_8]                                                           
  EdgeDetect_IP::EdgeDetect_HorDer.v1    296.583 0.000          0           1 
  EdgeDetect_IP::EdgeDetect_MagAng.v1   1447.583 0.000          0           1 
  EdgeDetect_IP::EdgeDetect_VerDer.v1    510.865 0.000          0           1 
  [Lib: ccs_ioport]                                                           
  ccs_pipe(35,36,1,2,1,1,0,0,1)           49.419 0.000          0           1 
                                                                              
  TOTAL AREA (After Assignment):        2304.450                              
  
Area Scores
                    Post-Scheduling   Post-DP & FSM Post-Assignment 
  ----------------- --------------- --------------- ---------------
  Total Area Score:   1204.0          3066.9          2304.5        
  Total Reg:             0.0             0.0             0.0        
                                                                    
  DataPath:           1204.0 (100%)   3060.9 (100%)   2298.5 (100%) 
    MUX:               630.3  (52%)   1851.8  (60%)   1141.3  (50%) 
    FUNC:              509.7  (42%)    568.2  (19%)    568.2  (25%) 
    LOGIC:              64.0   (5%)    641.0  (21%)    589.0  (26%) 
    BUFFER:              0.0             0.0             0.0        
    MEM:                 0.0             0.0             0.0        
    ROM:                 0.0             0.0             0.0        
    REG:                 0.0             0.0             0.0        
                                                                    
  
  FSM:                   0.0             6.0   (0%)      6.0   (0%) 
    FSM-REG:             0.0             0.0             0.0        
    FSM-COMB:            0.0             6.0 (100%)      6.0 (100%) 
                                                                    
  
  
  (MUX = multiplexers; FUNC = datapath logic (e.g. add/mult); LOGIC = control logic)

Register-to-Variable Mappings
  Register Size(bits) Gated Register CG Opt Done Variables                                             
  -------- ---------- -------------- ----------- -----------------------------------------------------
                                                                                                       
  Total:            0              0           0 (Total Gating Ratio: 0.00, CG Opt Gating Ratio: 0.00) 
  
Timing Report
  Critical Path
    Max Delay:  7.775002
    Slack:      2.2249980000000003
    
    Path                                                              Startpoint                                                             Endpoint                                          Delay  Slack                     
    ----------------------------------------------------------------- ---------------------------------------------------------------------- ------------------------------------------------- ------ ------ ------------------
    1                                                                 EdgeDetect_IP::EdgeDetect_Top/clk                                      EdgeDetect_IP::EdgeDetect_Top/MagAng_inst         7.7750 2.2250                    
                                                                                                                                                                                                                                
      Instance                                                        Component                                                                                                                Delta  Delay  [MIN, MAX]         
      --------                                                        ---------                                                                                                                -----  -----  ------------------ 
      EdgeDetect_IP::EdgeDetect_Top/clk                                                                                                                                                        0.0000 0.0000                    
      EdgeDetect_IP::EdgeDetect_Top/MagAng_inst                       EdgeDetect_IP::EdgeDetect_MagAng                                                                                         7.7750 7.7750                    
                                                                                                                                                                                                                                
    2                                                                 EdgeDetect_IP::EdgeDetect_Top/HorDer_inst                              EdgeDetect_IP::EdgeDetect_Top/VerDer_inst         6.9600 3.0400                    
                                                                                                                                                                                                                                
      Instance                                                        Component                                                                                                                Delta  Delay  [MIN, MAX]         
      --------                                                        ---------                                                                                                                -----  -----  ------------------ 
      EdgeDetect_IP::EdgeDetect_Top/HorDer_inst                       EdgeDetect_IP::EdgeDetect_HorDer(clk=>dat_in:rsc.rdy)                                                                    3.8100 3.8100                    
      EdgeDetect_IP::EdgeDetect_Top/dat_in:rsc.rdy:-:HorDer_inst.bud                                                                                                                           0.0000 3.8100                    
      EdgeDetect_IP::EdgeDetect_Top/VerDer_inst                       EdgeDetect_IP::EdgeDetect_VerDer(dat_out:rsc.rdy=>clk)                                                                   3.1500 6.9600                    
                                                                                                                                                                                                                                
    3                                                                 EdgeDetect_IP::EdgeDetect_Top/MagAng_inst                              EdgeDetect_IP::EdgeDetect_Top/VerDer_inst         6.9600 3.0400                    
                                                                                                                                                                                                                                
      Instance                                                        Component                                                                                                                Delta  Delay  [MIN, MAX]         
      --------                                                        ---------                                                                                                                -----  -----  ------------------ 
      EdgeDetect_IP::EdgeDetect_Top/MagAng_inst                       EdgeDetect_IP::EdgeDetect_MagAng(clk=>dat_in:rsc.rdy)                                                                    1.2900 1.2900                    
      EdgeDetect_IP::EdgeDetect_Top/dat_in:rsc.rdy:-:MagAng_inst.bud                                                                                                                           0.0000 1.2900                    
      EdgeDetect_IP::EdgeDetect_Top/HorDer_inst                       EdgeDetect_IP::EdgeDetect_HorDer(dat_out:rsc.rdy=>dat_in:rsc.rdy)                                                        2.5200 3.8100                    
      EdgeDetect_IP::EdgeDetect_Top/dat_in:rsc.rdy:-:HorDer_inst.bud                                                                                                                           0.0000 3.8100                    
      EdgeDetect_IP::EdgeDetect_Top/VerDer_inst                       EdgeDetect_IP::EdgeDetect_VerDer(dat_out:rsc.rdy=>clk)                                                                   3.1500 6.9600                    
                                                                                                                                                                                                                                
    4                                                                 EdgeDetect_IP::EdgeDetect_Top/MagAng_inst                              EdgeDetect_IP::EdgeDetect_Top/VerDer_inst         6.9600 3.0400                    
                                                                                                                                                                                                                                
      Instance                                                        Component                                                                                                                Delta  Delay  [MIN, MAX]         
      --------                                                        ---------                                                                                                                -----  -----  ------------------ 
      EdgeDetect_IP::EdgeDetect_Top/MagAng_inst                       EdgeDetect_IP::EdgeDetect_MagAng(clk=>dx_in:rsc.rdy)                                                                     1.2900 1.2900                    
      EdgeDetect_IP::EdgeDetect_Top/dx_in:rsc.rdy:-:MagAng_inst.bud                                                                                                                            0.0000 1.2900                    
      EdgeDetect_IP::EdgeDetect_Top/HorDer_inst                       EdgeDetect_IP::EdgeDetect_HorDer(dx:rsc.rdy=>dat_in:rsc.rdy)                                                             2.5200 3.8100                    
      EdgeDetect_IP::EdgeDetect_Top/dat_in:rsc.rdy:-:HorDer_inst.bud                                                                                                                           0.0000 3.8100                    
      EdgeDetect_IP::EdgeDetect_Top/VerDer_inst                       EdgeDetect_IP::EdgeDetect_VerDer(dat_out:rsc.rdy=>clk)                                                                   3.1500 6.9600                    
                                                                                                                                                                                                                                
    5                                                                 EdgeDetect_IP::EdgeDetect_Top/HorDer_inst                              EdgeDetect_IP::EdgeDetect_Top/dat_in:rsc.rdy      6.3300 3.6700                    
                                                                                                                                                                                                                                
      Instance                                                        Component                                                                                                                Delta  Delay  [MIN, MAX]         
      --------                                                        ---------                                                                                                                -----  -----  ------------------ 
      EdgeDetect_IP::EdgeDetect_Top/HorDer_inst                       EdgeDetect_IP::EdgeDetect_HorDer(clk=>dat_in:rsc.rdy)                                                                    3.8100 3.8100                    
      EdgeDetect_IP::EdgeDetect_Top/dat_in:rsc.rdy:-:HorDer_inst.bud                                                                                                                           0.0000 3.8100                    
      EdgeDetect_IP::EdgeDetect_Top/VerDer_inst                       EdgeDetect_IP::EdgeDetect_VerDer(dat_out:rsc.rdy=>dat_in:rsc.rdy)                                                        2.5200 6.3300                    
      EdgeDetect_IP::EdgeDetect_Top/dat_in:rsc.rdy:-:VerDer_inst.bud                                                                                                                           0.0000 6.3300                    
      EdgeDetect_IP::EdgeDetect_Top/dat_in:asn(dat_in:rsc.rdy)                                                                                                                                 0.0000 6.3300                    
      EdgeDetect_IP::EdgeDetect_Top/dat_in:rsc.rdy                                                                                                                                             0.0000 6.3300                    
                                                                                                                                                                                                                                
    6                                                                 EdgeDetect_IP::EdgeDetect_Top/MagAng_inst                              EdgeDetect_IP::EdgeDetect_Top/dat_in:rsc.rdy      6.3300 3.6700                    
                                                                                                                                                                                                                                
      Instance                                                        Component                                                                                                                Delta  Delay  [MIN, MAX]         
      --------                                                        ---------                                                                                                                -----  -----  ------------------ 
      EdgeDetect_IP::EdgeDetect_Top/MagAng_inst                       EdgeDetect_IP::EdgeDetect_MagAng(clk=>dx_in:rsc.rdy)                                                                     1.2900 1.2900                    
      EdgeDetect_IP::EdgeDetect_Top/dx_in:rsc.rdy:-:MagAng_inst.bud                                                                                                                            0.0000 1.2900                    
      EdgeDetect_IP::EdgeDetect_Top/HorDer_inst                       EdgeDetect_IP::EdgeDetect_HorDer(dx:rsc.rdy=>dat_in:rsc.rdy)                                                             2.5200 3.8100                    
      EdgeDetect_IP::EdgeDetect_Top/dat_in:rsc.rdy:-:HorDer_inst.bud                                                                                                                           0.0000 3.8100                    
      EdgeDetect_IP::EdgeDetect_Top/VerDer_inst                       EdgeDetect_IP::EdgeDetect_VerDer(dat_out:rsc.rdy=>dat_in:rsc.rdy)                                                        2.5200 6.3300                    
      EdgeDetect_IP::EdgeDetect_Top/dat_in:rsc.rdy:-:VerDer_inst.bud                                                                                                                           0.0000 6.3300                    
      EdgeDetect_IP::EdgeDetect_Top/dat_in:asn(dat_in:rsc.rdy)                                                                                                                                 0.0000 6.3300                    
      EdgeDetect_IP::EdgeDetect_Top/dat_in:rsc.rdy                                                                                                                                             0.0000 6.3300                    
                                                                                                                                                                                                                                
    7                                                                 EdgeDetect_IP::EdgeDetect_Top/MagAng_inst                              EdgeDetect_IP::EdgeDetect_Top/dat_in:rsc.rdy      6.3300 3.6700                    
                                                                                                                                                                                                                                
      Instance                                                        Component                                                                                                                Delta  Delay  [MIN, MAX]         
      --------                                                        ---------                                                                                                                -----  -----  ------------------ 
      EdgeDetect_IP::EdgeDetect_Top/MagAng_inst                       EdgeDetect_IP::EdgeDetect_MagAng(clk=>dat_in:rsc.rdy)                                                                    1.2900 1.2900                    
      EdgeDetect_IP::EdgeDetect_Top/dat_in:rsc.rdy:-:MagAng_inst.bud                                                                                                                           0.0000 1.2900                    
      EdgeDetect_IP::EdgeDetect_Top/HorDer_inst                       EdgeDetect_IP::EdgeDetect_HorDer(dat_out:rsc.rdy=>dat_in:rsc.rdy)                                                        2.5200 3.8100                    
      EdgeDetect_IP::EdgeDetect_Top/dat_in:rsc.rdy:-:HorDer_inst.bud                                                                                                                           0.0000 3.8100                    
      EdgeDetect_IP::EdgeDetect_Top/VerDer_inst                       EdgeDetect_IP::EdgeDetect_VerDer(dat_out:rsc.rdy=>dat_in:rsc.rdy)                                                        2.5200 6.3300                    
      EdgeDetect_IP::EdgeDetect_Top/dat_in:rsc.rdy:-:VerDer_inst.bud                                                                                                                           0.0000 6.3300                    
      EdgeDetect_IP::EdgeDetect_Top/dat_in:asn(dat_in:rsc.rdy)                                                                                                                                 0.0000 6.3300                    
      EdgeDetect_IP::EdgeDetect_Top/dat_in:rsc.rdy                                                                                                                                             0.0000 6.3300                    
                                                                                                                                                                                                                                
    8                                                                 EdgeDetect_IP::EdgeDetect_Top/HorDer_inst                              EdgeDetect_IP::EdgeDetect_Top/line_buf1:rsc.clken 5.7000 4.3000                    
                                                                                                                                                                                                                                
      Instance                                                        Component                                                                                                                Delta  Delay  [MIN, MAX]         
      --------                                                        ---------                                                                                                                -----  -----  ------------------ 
      EdgeDetect_IP::EdgeDetect_Top/HorDer_inst                       EdgeDetect_IP::EdgeDetect_HorDer(clk=>dat_in:rsc.rdy)                                                                    3.8100 3.8100                    
      EdgeDetect_IP::EdgeDetect_Top/dat_in:rsc.rdy:-:HorDer_inst.bud                                                                                                                           0.0000 3.8100                    
      EdgeDetect_IP::EdgeDetect_Top/VerDer_inst                       EdgeDetect_IP::EdgeDetect_VerDer(dat_out:rsc.rdy=>line_buf1:rsc.clken)                                                   1.8900 5.7000                    
      EdgeDetect_IP::EdgeDetect_Top/line_buf1:rsc.clken:-:VerDer_inst                                                                                                                          0.0000 5.7000                    
      EdgeDetect_IP::EdgeDetect_Top/dy_chan:asn(line_buf1:rsc.clken)                                                                                                                           0.0000 5.7000                    
      EdgeDetect_IP::EdgeDetect_Top/line_buf1:rsc.clken                                                                                                                                        0.0000 5.7000                    
                                                                                                                                                                                                                                
    9                                                                 EdgeDetect_IP::EdgeDetect_Top/MagAng_inst                              EdgeDetect_IP::EdgeDetect_Top/line_buf1:rsc.clken 5.7000 4.3000                    
                                                                                                                                                                                                                                
      Instance                                                        Component                                                                                                                Delta  Delay  [MIN, MAX]         
      --------                                                        ---------                                                                                                                -----  -----  ------------------ 
      EdgeDetect_IP::EdgeDetect_Top/MagAng_inst                       EdgeDetect_IP::EdgeDetect_MagAng(clk=>dx_in:rsc.rdy)                                                                     1.2900 1.2900                    
      EdgeDetect_IP::EdgeDetect_Top/dx_in:rsc.rdy:-:MagAng_inst.bud                                                                                                                            0.0000 1.2900                    
      EdgeDetect_IP::EdgeDetect_Top/HorDer_inst                       EdgeDetect_IP::EdgeDetect_HorDer(dx:rsc.rdy=>dat_in:rsc.rdy)                                                             2.5200 3.8100                    
      EdgeDetect_IP::EdgeDetect_Top/dat_in:rsc.rdy:-:HorDer_inst.bud                                                                                                                           0.0000 3.8100                    
      EdgeDetect_IP::EdgeDetect_Top/VerDer_inst                       EdgeDetect_IP::EdgeDetect_VerDer(dat_out:rsc.rdy=>line_buf1:rsc.clken)                                                   1.8900 5.7000                    
      EdgeDetect_IP::EdgeDetect_Top/line_buf1:rsc.clken:-:VerDer_inst                                                                                                                          0.0000 5.7000                    
      EdgeDetect_IP::EdgeDetect_Top/dy_chan:asn(line_buf1:rsc.clken)                                                                                                                           0.0000 5.7000                    
      EdgeDetect_IP::EdgeDetect_Top/line_buf1:rsc.clken                                                                                                                                        0.0000 5.7000                    
                                                                                                                                                                                                                                
    10                                                                EdgeDetect_IP::EdgeDetect_Top/MagAng_inst                              EdgeDetect_IP::EdgeDetect_Top/line_buf1:rsc.clken 5.7000 4.3000                    
                                                                                                                                                                                                                                
      Instance                                                        Component                                                                                                                Delta  Delay  [MIN, MAX]         
      --------                                                        ---------                                                                                                                -----  -----  ------------------ 
      EdgeDetect_IP::EdgeDetect_Top/MagAng_inst                       EdgeDetect_IP::EdgeDetect_MagAng(clk=>dat_in:rsc.rdy)                                                                    1.2900 1.2900                    
      EdgeDetect_IP::EdgeDetect_Top/dat_in:rsc.rdy:-:MagAng_inst.bud                                                                                                                           0.0000 1.2900                    
      EdgeDetect_IP::EdgeDetect_Top/HorDer_inst                       EdgeDetect_IP::EdgeDetect_HorDer(dat_out:rsc.rdy=>dat_in:rsc.rdy)                                                        2.5200 3.8100                    
      EdgeDetect_IP::EdgeDetect_Top/dat_in:rsc.rdy:-:HorDer_inst.bud                                                                                                                           0.0000 3.8100                    
      EdgeDetect_IP::EdgeDetect_Top/VerDer_inst                       EdgeDetect_IP::EdgeDetect_VerDer(dat_out:rsc.rdy=>line_buf1:rsc.clken)                                                   1.8900 5.7000                    
      EdgeDetect_IP::EdgeDetect_Top/line_buf1:rsc.clken:-:VerDer_inst                                                                                                                          0.0000 5.7000                    
      EdgeDetect_IP::EdgeDetect_Top/dy_chan:asn(line_buf1:rsc.clken)                                                                                                                           0.0000 5.7000                    
      EdgeDetect_IP::EdgeDetect_Top/line_buf1:rsc.clken                                                                                                                                        0.0000 5.7000                    
                                                                                                                                                                                                                                
    
  Register Input and Register-to-Output Slack
    Clock period or pin-to-reg delay constraint (clk): 10.0
    Clock uncertainty constraint (clk)               : 0.0
    
    Instance                      Port                     Slack (Delay) Messages 
    ----------------------------- ----------------------- ------ ------- --------
    EdgeDetect_IP::EdgeDetect_Top crc32_pix_in:rsc.dat    9.3400  0.6600          
    EdgeDetect_IP::EdgeDetect_Top crc32_pix_in.triosy.lz  8.7100  1.2900          
    EdgeDetect_IP::EdgeDetect_Top crc32_dat_out:rsc.dat   9.3400  0.6600          
    EdgeDetect_IP::EdgeDetect_Top crc32_dat_out.triosy.lz 8.7100  1.2900          
    EdgeDetect_IP::EdgeDetect_Top dat_in:rsc.rdy          3.6700  6.3300          
    EdgeDetect_IP::EdgeDetect_Top dat_out:rsc.dat         9.3400  0.6600          
    EdgeDetect_IP::EdgeDetect_Top dat_out:rsc.vld         8.7100  1.2900          
    EdgeDetect_IP::EdgeDetect_Top line_buf0:rsc.clken     4.3000  5.7000          
    EdgeDetect_IP::EdgeDetect_Top line_buf0:rsc.re        5.1750  4.8250          
    EdgeDetect_IP::EdgeDetect_Top line_buf0:rsc.radr      7.6650  2.3350          
    EdgeDetect_IP::EdgeDetect_Top line_buf0:rsc.we        8.7100  1.2900          
    EdgeDetect_IP::EdgeDetect_Top line_buf0:rsc.d         9.1800  0.8200          
    EdgeDetect_IP::EdgeDetect_Top line_buf0:rsc.wadr      9.3400  0.6600          
    EdgeDetect_IP::EdgeDetect_Top line_buf1:rsc.clken     4.3000  5.7000          
    EdgeDetect_IP::EdgeDetect_Top line_buf1:rsc.re        5.1750  4.8250          
    EdgeDetect_IP::EdgeDetect_Top line_buf1:rsc.radr      7.6650  2.3350          
    EdgeDetect_IP::EdgeDetect_Top line_buf1:rsc.we        5.1750  4.8250          
    EdgeDetect_IP::EdgeDetect_Top line_buf1:rsc.d         8.5500  1.4500          
    EdgeDetect_IP::EdgeDetect_Top line_buf1:rsc.wadr      7.6650  2.3350          
    
Operator Bitwidth Summary
  Operation   Size (bits) Count 
  ----------- ----------- -----
  chsize_port                   
  -                     1     1 
  
End of Report
